TN:
SF:src\index.ts
FN:1,(empty-report)
FNF:1
FNH:0
FNDA:0,(empty-report)
DA:1,0
DA:2,0
DA:3,0
DA:4,0
DA:5,0
DA:6,0
DA:7,0
DA:8,0
DA:9,0
DA:10,0
DA:11,0
LF:11
LH:0
BRDA:1,0,0,0
BRF:1
BRH:0
end_of_record
TN:
SF:src\domain\events.ts
FNF:0
FNH:0
DA:1,1
DA:3,1
DA:4,1
DA:5,1
DA:6,1
DA:7,1
DA:8,1
DA:9,1
DA:11,1
DA:12,1
DA:13,1
DA:14,1
DA:15,1
DA:16,1
DA:18,1
DA:19,1
DA:20,1
DA:21,1
DA:23,1
DA:24,1
DA:25,1
DA:26,1
DA:28,1
DA:29,1
DA:30,1
DA:31,1
DA:32,1
DA:33,1
DA:34,1
DA:36,1
DA:37,1
DA:38,1
DA:39,1
DA:40,1
DA:41,1
DA:42,1
DA:43,1
DA:44,1
DA:46,1
DA:47,1
DA:48,1
DA:49,1
DA:50,1
DA:51,1
DA:52,1
DA:54,1
DA:55,1
DA:56,1
DA:57,1
DA:58,1
DA:59,1
DA:60,1
DA:61,1
LF:53
LH:53
BRF:0
BRH:0
end_of_record
TN:
SF:src\domain\ids.ts
FN:7,asPlanId
FN:8,asStepId
FN:9,asEventId
FNF:3
FNH:2
FNDA:6,asPlanId
FNDA:8,asStepId
FNDA:0,asEventId
DA:7,1
DA:8,1
DA:9,1
LF:3
LH:3
BRDA:7,0,0,6
BRDA:8,1,0,8
BRF:2
BRH:2
end_of_record
TN:
SF:src\domain\messages.ts
FN:1,(empty-report)
FNF:1
FNH:1
FNDA:1,(empty-report)
LF:0
LH:0
BRDA:1,0,0,1
BRF:1
BRH:1
end_of_record
TN:
SF:src\domain\plan.ts
FN:27,makePlan
FN:39,runPlan
FNF:2
FNH:2
FNDA:6,makePlan
FNDA:6,runPlan
DA:1,1
DA:27,1
DA:28,6
DA:29,8
DA:30,8
DA:31,8
DA:32,8
DA:33,6
DA:34,6
DA:35,6
DA:39,6
DA:40,6
DA:41,6
DA:42,6
DA:43,7
DA:44,1
DA:45,1
DA:46,1
DA:47,6
DA:48,5
DA:49,7
DA:50,7
DA:51,3
DA:52,3
LF:24
LH:24
BRDA:27,0,0,6
BRDA:28,1,0,8
BRDA:39,2,0,6
BRDA:42,3,0,7
BRDA:43,4,0,1
BRDA:43,5,0,1
BRDA:46,6,0,6
BRDA:47,7,0,5
BRDA:49,8,0,2
BRDA:50,9,0,3
BRF:10
BRH:10
end_of_record
TN:
SF:src\examples\minimal.ts
FN:1,(empty-report)
FNF:1
FNH:0
FNDA:0,(empty-report)
DA:1,0
DA:2,0
DA:4,0
DA:5,0
DA:6,0
DA:8,0
DA:9,0
DA:10,0
DA:11,0
DA:12,0
LF:10
LH:0
BRDA:1,0,0,0
BRF:1
BRH:0
end_of_record
TN:
SF:src\runtime\orchestrator.ts
FN:8,Orchestrator
FN:10,run
FNF:2
FNH:2
FNDA:3,Orchestrator
FNDA:3,run
DA:1,1
DA:7,1
DA:8,1
DA:10,1
DA:11,3
DA:12,3
DA:13,3
DA:14,2
DA:15,1
DA:16,1
DA:17,1
DA:18,3
DA:19,3
DA:20,3
DA:21,1
DA:22,1
DA:23,1
DA:24,3
DA:25,1
LF:19
LH:19
BRDA:8,0,0,3
BRDA:10,1,0,3
BRDA:12,2,0,0
BRDA:13,3,0,2
BRDA:14,4,0,1
BRDA:15,5,0,0
BRDA:18,6,0,0
BRDA:20,7,0,1
BRDA:21,8,0,0
BRDA:21,9,0,0
BRDA:21,10,0,0
BRF:11
BRH:5
end_of_record
TN:
SF:src\spi\embeddings.ts
FN:1,(empty-report)
FNF:1
FNH:1
FNDA:1,(empty-report)
LF:0
LH:0
BRDA:1,0,0,1
BRF:1
BRH:1
end_of_record
TN:
SF:src\spi\llm.ts
FN:1,(empty-report)
FNF:1
FNH:1
FNDA:1,(empty-report)
LF:0
LH:0
BRDA:1,0,0,1
BRF:1
BRH:1
end_of_record
TN:
SF:src\spi\storage.ts
FN:1,(empty-report)
FNF:1
FNH:1
FNDA:1,(empty-report)
LF:0
LH:0
BRDA:1,0,0,1
BRF:1
BRH:1
end_of_record
TN:
SF:src\spi\telemetry.ts
FN:1,(empty-report)
FNF:1
FNH:1
FNDA:1,(empty-report)
DA:9,0
DA:10,0
DA:11,0
DA:12,0
DA:13,0
DA:14,0
LF:6
LH:0
BRDA:1,0,0,1
BRF:1
BRH:1
end_of_record
TN:
SF:src\spi\vector-store.ts
FN:1,(empty-report)
FNF:1
FNH:1
FNDA:1,(empty-report)
LF:0
LH:0
BRDA:1,0,0,1
BRF:1
BRH:1
end_of_record
TN:
SF:src\util\result.ts
FN:5,ok
FN:6,err
FN:8,unwrap
FNF:3
FNH:3
FNDA:5,ok
FNDA:4,err
FNDA:2,unwrap
DA:5,1
DA:6,1
DA:8,1
DA:9,2
DA:10,1
DA:11,1
LF:6
LH:6
BRDA:5,0,0,5
BRDA:6,1,0,4
BRDA:8,2,0,2
BRDA:9,3,0,1
BRF:4
BRH:4
end_of_record
