TN:
SF:eslint.config.mjs
FN:1,(empty-report)
FNF:1
FNH:0
FNDA:0,(empty-report)
DA:1,0
DA:2,0
DA:3,0
DA:4,0
DA:5,0
DA:6,0
DA:7,0
DA:8,0
DA:9,0
DA:10,0
DA:11,0
DA:12,0
DA:13,0
DA:14,0
DA:15,0
DA:16,0
DA:17,0
DA:18,0
DA:19,0
DA:20,0
DA:21,0
DA:22,0
DA:23,0
DA:24,0
DA:25,0
DA:26,0
DA:27,0
DA:28,0
DA:29,0
DA:30,0
DA:31,0
LF:31
LH:0
BRDA:1,0,0,0
BRF:1
BRH:0
end_of_record
TN:
SF:vitest.config.ts
FN:1,(empty-report)
FNF:1
FNH:0
FNDA:0,(empty-report)
DA:1,0
DA:3,0
DA:4,0
DA:5,0
DA:6,0
DA:7,0
DA:8,0
DA:9,0
DA:10,0
DA:11,0
DA:13,0
DA:14,0
DA:15,0
DA:16,0
DA:17,0
DA:18,0
DA:19,0
DA:20,0
DA:21,0
DA:22,0
DA:23,0
DA:24,0
LF:22
LH:0
BRDA:1,0,0,0
BRF:1
BRH:0
end_of_record
TN:
SF:dist\__tests__\events.test.d.ts
FN:1,(empty-report)
FNF:1
FNH:0
FNDA:0,(empty-report)
DA:1,0
LF:1
LH:0
BRDA:1,0,0,0
BRF:1
BRH:0
end_of_record
TN:
SF:dist\__tests__\orchestrator.test.d.ts
FN:1,(empty-report)
FNF:1
FNH:0
FNDA:0,(empty-report)
DA:1,0
LF:1
LH:0
BRDA:1,0,0,0
BRF:1
BRH:0
end_of_record
TN:
SF:dist\__tests__\plan.test.d.ts
FN:1,(empty-report)
FNF:1
FNH:0
FNDA:0,(empty-report)
DA:1,0
LF:1
LH:0
BRDA:1,0,0,0
BRF:1
BRH:0
end_of_record
TN:
SF:dist\__tests__\result.test.d.ts
FN:1,(empty-report)
FNF:1
FNH:0
FNDA:0,(empty-report)
DA:1,0
LF:1
LH:0
BRDA:1,0,0,0
BRF:1
BRH:0
end_of_record
TN:
SF:dist\domain\events.d.ts
FN:1,(empty-report)
FNF:1
FNH:1
FNDA:1,(empty-report)
LF:0
LH:0
BRDA:1,0,0,1
BRF:1
BRH:1
end_of_record
TN:
SF:dist\domain\ids.d.ts
FN:1,(empty-report)
FNF:1
FNH:1
FNDA:1,(empty-report)
LF:0
LH:0
BRDA:1,0,0,1
BRF:1
BRH:1
end_of_record
TN:
SF:dist\domain\messages.d.ts
FN:1,(empty-report)
FNF:1
FNH:1
FNDA:1,(empty-report)
LF:0
LH:0
BRDA:1,0,0,1
BRF:1
BRH:1
end_of_record
TN:
SF:dist\domain\messages.js
FN:1,(empty-report)
FNF:1
FNH:0
FNDA:0,(empty-report)
DA:1,0
LF:1
LH:0
BRDA:1,0,0,0
BRF:1
BRH:0
end_of_record
TN:
SF:dist\domain\plan.d.ts
FN:1,(empty-report)
FNF:1
FNH:1
FNDA:1,(empty-report)
LF:0
LH:0
BRDA:1,0,0,1
BRF:1
BRH:1
end_of_record
TN:
SF:dist\examples\minimal.d.ts
FN:1,(empty-report)
FNF:1
FNH:0
FNDA:0,(empty-report)
DA:1,0
LF:1
LH:0
BRDA:1,0,0,0
BRF:1
BRH:0
end_of_record
TN:
SF:dist\runtime\orchestrator.d.ts
FN:1,(empty-report)
FNF:1
FNH:1
FNDA:1,(empty-report)
LF:0
LH:0
BRDA:1,0,0,1
BRF:1
BRH:1
end_of_record
TN:
SF:dist\spi\embeddings.d.ts
FN:1,(empty-report)
FNF:1
FNH:1
FNDA:1,(empty-report)
LF:0
LH:0
BRDA:1,0,0,1
BRF:1
BRH:1
end_of_record
TN:
SF:dist\spi\embeddings.js
FN:1,(empty-report)
FNF:1
FNH:0
FNDA:0,(empty-report)
DA:1,0
LF:1
LH:0
BRDA:1,0,0,0
BRF:1
BRH:0
end_of_record
TN:
SF:dist\spi\llm.d.ts
FN:1,(empty-report)
FNF:1
FNH:1
FNDA:1,(empty-report)
LF:0
LH:0
BRDA:1,0,0,1
BRF:1
BRH:1
end_of_record
TN:
SF:dist\spi\llm.js
FN:1,(empty-report)
FNF:1
FNH:0
FNDA:0,(empty-report)
DA:1,0
LF:1
LH:0
BRDA:1,0,0,0
BRF:1
BRH:0
end_of_record
TN:
SF:dist\spi\storage.d.ts
FN:1,(empty-report)
FNF:1
FNH:1
FNDA:1,(empty-report)
LF:0
LH:0
BRDA:1,0,0,1
BRF:1
BRH:1
end_of_record
TN:
SF:dist\spi\storage.js
FN:1,(empty-report)
FNF:1
FNH:0
FNDA:0,(empty-report)
DA:1,0
LF:1
LH:0
BRDA:1,0,0,0
BRF:1
BRH:0
end_of_record
TN:
SF:dist\spi\telemetry.d.ts
FN:1,(empty-report)
FNF:1
FNH:1
FNDA:1,(empty-report)
LF:0
LH:0
BRDA:1,0,0,1
BRF:1
BRH:1
end_of_record
TN:
SF:dist\spi\vector-store.d.ts
FN:1,(empty-report)
FNF:1
FNH:1
FNDA:1,(empty-report)
LF:0
LH:0
BRDA:1,0,0,1
BRF:1
BRH:1
end_of_record
TN:
SF:dist\spi\vector-store.js
FN:1,(empty-report)
FNF:1
FNH:0
FNDA:0,(empty-report)
DA:1,0
LF:1
LH:0
BRDA:1,0,0,0
BRF:1
BRH:0
end_of_record
TN:
SF:dist\util\result.d.ts
FN:1,(empty-report)
FNF:1
FNH:1
FNDA:1,(empty-report)
LF:0
LH:0
BRDA:1,0,0,1
BRF:1
BRH:1
end_of_record
TN:
SF:src\index.ts
FN:1,(empty-report)
FNF:1
FNH:0
FNDA:0,(empty-report)
DA:1,0
DA:2,0
DA:3,0
DA:4,0
DA:5,0
DA:6,0
DA:7,0
DA:8,0
DA:9,0
DA:10,0
DA:11,0
LF:11
LH:0
BRDA:1,0,0,0
BRF:1
BRH:0
end_of_record
TN:
SF:src\__tests__\events.test.ts
FNF:0
FNH:0
DA:1,1
DA:3,1
DA:5,1
DA:6,1
DA:7,1
DA:8,1
DA:9,1
DA:10,1
DA:11,1
DA:12,1
DA:13,1
DA:14,1
DA:15,1
DA:16,1
DA:17,1
DA:18,1
DA:19,1
DA:20,1
DA:22,1
DA:23,1
DA:24,1
DA:25,1
DA:26,1
DA:27,1
DA:28,1
DA:29,1
DA:30,1
DA:31,1
DA:32,1
LF:29
LH:29
BRDA:5,0,0,1
BRDA:6,1,0,1
BRDA:22,2,0,1
BRDA:30,3,0,1
BRF:4
BRH:4
end_of_record
TN:
SF:src\__tests__\orchestrator-exception.test.ts
FN:10,action
FNF:1
FNH:1
FNDA:1,action
DA:1,1
DA:3,1
DA:4,1
DA:6,1
DA:7,1
DA:8,1
DA:9,1
DA:10,1
DA:11,1
DA:12,1
DA:13,1
DA:14,1
DA:15,1
LF:13
LH:13
BRDA:6,0,0,1
BRDA:7,1,0,1
BRDA:10,2,0,1
BRF:3
BRH:3
end_of_record
TN:
SF:src\__tests__\orchestrator-nonerror-exception.test.ts
FN:7,<instance_members_initializer>
FN:9,info
FN:10,warn
FN:11,error
FN:12,startSpan
FN:21,action
FNF:6
FNH:4
FNDA:1,<instance_members_initializer>
FNDA:1,info
FNDA:0,warn
FNDA:1,error
FNDA:0,startSpan
FNDA:1,action
DA:1,1
DA:2,1
DA:3,1
DA:6,1
DA:7,1
DA:8,1
DA:9,1
DA:10,1
DA:11,1
DA:12,1
DA:13,1
DA:15,1
DA:16,1
DA:17,1
DA:18,1
DA:19,1
DA:21,1
DA:22,1
DA:24,1
DA:25,1
DA:27,1
DA:28,1
DA:29,1
DA:30,1
LF:24
LH:24
BRDA:7,0,0,1
BRDA:9,1,0,1
BRDA:11,2,0,1
BRDA:15,3,0,1
BRDA:16,4,0,1
BRDA:21,5,0,1
BRDA:27,6,0,1
BRF:7
BRH:7
end_of_record
TN:
SF:src\__tests__\orchestrator-success-no-telemetry.test.ts
FN:9,action
FNF:1
FNH:1
FNDA:1,action
DA:1,1
DA:2,1
DA:3,1
DA:5,1
DA:6,1
DA:7,1
DA:8,1
DA:9,1
DA:10,1
DA:12,1
DA:13,1
DA:14,1
DA:15,1
LF:13
LH:13
BRDA:5,0,0,1
BRDA:6,1,0,1
BRDA:9,2,0,1
BRF:3
BRH:3
end_of_record
TN:
SF:src\__tests__\orchestrator-telemetry.test.ts
FN:8,<instance_members_initializer>
FN:10,info
FN:13,warn
FN:14,error
FN:17,startSpan
FN:27,action
FN:41,action
FN:53,action
FNF:8
FNH:6
FNDA:3,<instance_members_initializer>
FNDA:4,info
FNDA:0,warn
FNDA:2,error
FNDA:0,startSpan
FNDA:1,action
FNDA:1,action
FNDA:1,action
DA:1,1
DA:3,1
DA:4,1
DA:7,1
DA:8,1
DA:9,3
DA:10,1
DA:11,4
DA:12,4
DA:13,1
DA:14,1
DA:15,2
DA:16,2
DA:17,1
DA:18,0
DA:19,0
DA:20,1
DA:22,1
DA:23,1
DA:24,1
DA:25,1
DA:26,1
DA:27,1
DA:28,1
DA:29,1
DA:30,1
DA:31,1
DA:32,1
DA:33,1
DA:34,1
DA:35,1
DA:37,1
DA:38,1
DA:39,1
DA:40,1
DA:41,1
DA:42,1
DA:43,1
DA:44,1
DA:45,1
DA:46,1
DA:47,1
DA:49,1
DA:50,1
DA:51,1
DA:52,1
DA:53,1
DA:54,1
DA:55,1
DA:56,1
DA:57,1
DA:59,1
DA:60,1
DA:61,1
LF:54
LH:52
BRDA:8,0,0,3
BRDA:10,1,0,4
BRDA:14,2,0,2
BRDA:22,3,0,1
BRDA:23,4,0,1
BRDA:27,5,0,1
BRDA:31,6,0,2
BRDA:37,7,0,1
BRDA:41,8,0,1
BRDA:45,9,0,1
BRDA:49,10,0,1
BRDA:53,11,0,1
BRDA:57,12,0,1
BRDA:59,13,0,1
BRDA:59,14,0,0
BRF:15
BRH:14
end_of_record
TN:
SF:src\__tests__\orchestrator.test.ts
FN:9,action
FN:16,action
FNF:2
FNH:2
FNDA:1,action
FNDA:1,action
DA:1,1
DA:3,1
DA:4,1
DA:6,1
DA:7,1
DA:8,1
DA:9,1
DA:10,1
DA:11,1
DA:12,1
DA:14,1
DA:15,1
DA:16,1
DA:17,1
DA:18,1
DA:19,1
DA:20,1
LF:17
LH:17
BRDA:6,0,0,1
BRDA:7,1,0,1
BRDA:9,2,0,1
BRDA:14,3,0,1
BRDA:16,4,0,1
BRF:5
BRH:5
end_of_record
TN:
SF:src\__tests__\plan.test.ts
FN:8,action
FN:9,action
FN:18,action
FN:19,action
FN:27,when
FN:27,action
FNF:6
FNH:4
FNDA:1,action
FNDA:1,action
FNDA:1,action
FNDA:0,action
FNDA:1,when
FNDA:0,action
DA:1,1
DA:3,1
DA:5,1
DA:6,1
DA:7,1
DA:8,1
DA:9,1
DA:10,1
DA:11,1
DA:12,1
DA:13,1
DA:14,1
DA:16,1
DA:17,1
DA:18,1
DA:19,1
DA:20,1
DA:21,1
DA:22,1
DA:23,1
DA:25,1
DA:26,1
DA:27,1
DA:28,1
DA:29,1
DA:30,1
DA:31,1
DA:32,1
DA:33,1
LF:29
LH:29
BRDA:5,0,0,1
BRDA:6,1,0,1
BRDA:8,2,0,1
BRDA:9,3,0,1
BRDA:16,4,0,1
BRDA:18,5,0,1
BRDA:25,6,0,1
BRDA:27,7,0,1
BRF:8
BRH:8
end_of_record
TN:
SF:src\__tests__\result.test.ts
FNF:0
FNH:0
DA:1,1
DA:3,1
DA:5,1
DA:6,1
DA:7,1
DA:8,1
DA:9,1
DA:10,1
DA:11,1
DA:12,1
DA:13,1
DA:14,1
DA:15,1
LF:13
LH:13
BRDA:5,0,0,1
BRDA:6,1,0,1
BRDA:10,2,0,1
BRDA:13,3,0,1
BRF:4
BRH:4
end_of_record
TN:
SF:src\domain\events.ts
FNF:0
FNH:0
DA:1,1
DA:3,1
DA:4,1
DA:5,1
DA:6,1
DA:7,1
DA:8,1
DA:9,1
DA:11,1
DA:12,1
DA:13,1
DA:14,1
DA:15,1
DA:16,1
DA:18,1
DA:19,1
DA:20,1
DA:21,1
DA:23,1
DA:24,1
DA:25,1
DA:26,1
DA:28,1
DA:29,1
DA:30,1
DA:31,1
DA:32,1
DA:33,1
DA:34,1
DA:36,1
DA:37,1
DA:38,1
DA:39,1
DA:40,1
DA:41,1
DA:42,1
DA:43,1
DA:44,1
DA:46,1
DA:47,1
DA:48,1
DA:49,1
DA:50,1
DA:51,1
DA:52,1
DA:54,1
DA:55,1
DA:56,1
DA:57,1
DA:58,1
DA:59,1
DA:60,1
DA:61,1
LF:53
LH:53
BRF:0
BRH:0
end_of_record
TN:
SF:src\domain\ids.ts
FN:7,asPlanId
FN:8,asStepId
FN:9,asEventId
FNF:3
FNH:2
FNDA:11,asPlanId
FNDA:13,asStepId
FNDA:0,asEventId
DA:7,1
DA:8,1
DA:9,1
LF:3
LH:3
BRDA:7,0,0,11
BRDA:8,1,0,13
BRF:2
BRH:2
end_of_record
TN:
SF:src\domain\plan.ts
FN:27,makePlan
FN:39,runPlan
FNF:2
FNH:2
FNDA:11,makePlan
FNDA:11,runPlan
DA:1,1
DA:27,1
DA:28,11
DA:29,13
DA:30,13
DA:31,13
DA:32,13
DA:33,11
DA:34,11
DA:35,11
DA:39,11
DA:40,11
DA:41,11
DA:42,11
DA:43,12
DA:44,1
DA:45,1
DA:46,1
DA:47,11
DA:48,8
DA:49,12
DA:50,12
DA:51,5
DA:52,5
LF:24
LH:24
BRDA:27,0,0,11
BRDA:28,1,0,13
BRDA:39,2,0,11
BRDA:42,3,0,12
BRDA:43,4,0,1
BRDA:43,5,0,1
BRDA:46,6,0,11
BRDA:47,7,0,8
BRDA:49,8,0,3
BRDA:50,9,0,5
BRF:10
BRH:10
end_of_record
TN:
SF:src\examples\minimal.ts
FN:1,(empty-report)
FNF:1
FNH:0
FNDA:0,(empty-report)
DA:1,0
DA:2,0
DA:4,0
DA:5,0
DA:6,0
DA:8,0
DA:9,0
DA:10,0
DA:11,0
DA:12,0
LF:10
LH:0
BRDA:1,0,0,0
BRF:1
BRH:0
end_of_record
TN:
SF:src\runtime\orchestrator.ts
FN:8,Orchestrator
FN:10,run
FNF:2
FNH:2
FNDA:8,Orchestrator
FNDA:8,run
DA:1,1
DA:7,1
DA:8,1
DA:10,1
DA:11,8
DA:12,8
DA:13,8
DA:14,6
DA:15,2
DA:16,2
DA:17,2
DA:18,8
DA:19,8
DA:20,8
DA:21,3
DA:22,3
DA:23,3
DA:24,8
DA:25,1
LF:19
LH:19
BRDA:8,0,0,8
BRDA:10,1,0,8
BRDA:12,2,0,4
BRDA:13,3,0,6
BRDA:13,4,0,5
BRDA:14,5,0,4
BRDA:14,6,0,3
BRDA:14,7,0,2
BRDA:15,8,0,1
BRDA:18,9,0,1
BRDA:20,10,0,3
BRDA:21,11,0,2
BRDA:21,12,0,2
BRDA:21,13,0,1
BRF:14
BRH:14
end_of_record
TN:
SF:src\spi\telemetry.ts
FN:1,(empty-report)
FNF:1
FNH:1
FNDA:1,(empty-report)
DA:8,0
DA:9,0
DA:10,0
DA:11,0
DA:12,0
DA:13,0
DA:14,0
LF:7
LH:0
BRDA:1,0,0,1
BRF:1
BRH:1
end_of_record
TN:
SF:src\util\result.ts
FN:5,ok
FN:6,err
FN:8,unwrap
FNF:3
FNH:3
FNDA:9,ok
FNDA:7,err
FNDA:2,unwrap
DA:5,1
DA:6,1
DA:8,1
DA:9,2
DA:10,1
DA:11,1
LF:6
LH:6
BRDA:5,0,0,9
BRDA:6,1,0,7
BRDA:8,2,0,2
BRDA:9,3,0,1
BRF:4
BRH:4
end_of_record
